<?xml version="1.0" encoding="UTF-8"?>
<testsuite xmlns:xsi="http://www.w3.org/2001/XMLSchema-instance" xsi:noNamespaceSchemaLocation="https://maven.apache.org/surefire/maven-surefire-plugin/xsd/surefire-test-report.xsd" version="3.0.2" name="com.maven.mohi.MohiApplicationTests" time="9.611" tests="1" errors="0" skipped="0" failures="0">
  <properties>
[...]
</properties>
  <testcase name="contextLoads" classname="com.maven.mohi.MohiApplicationTests" time="4.28">
    <system-out><![CDATA[09:56:48.297 [main] INFO org.springframework.test.context.support.AnnotationConfigContextLoaderUtils -- Could not detect default configuration classes for test class [com.maven.mohi.MohiApplicationTests]: MohiApplicationTests does not declare any static, non-private, non-final, nested classes annotated with @Configuration.
09:56:48.661 [main] INFO org.springframework.boot.test.context.SpringBootTestContextBootstrapper -- Found @SpringBootConfiguration com.maven.mohi.MohiApplication for test class com.maven.mohi.MohiApplicationTests

  .   ____          _            __ _ _
 /\\ / ___'_ __ _ _(_)_ __  __ _ \ \ \ \
( ( )\___ | '_ | '_| | '_ \/ _` | \ \ \ \
 \\/  ___)| |_)| | | | | || (_| |  ) ) ) )
  '  |____| .__|_| |_|_| |_\__, | / / / /
 =========|_|==============|___/=/_/_/_/

 :: Spring Boot ::                (v3.4.1)

2025-01-23T09:56:50.463+05:30  INFO 15416 --- [mohi] [           main] com.maven.mohi.MohiApplicationTests      : Starting MohiApplicationTests using Java 21.0.2 with PID 15416 (started by Mohammed Mohiuddin in C:\Users\Mohammed Mohiuddin\mohi)
2025-01-23T09:56:50.468+05:30  INFO 15416 --- [mohi] [           main] com.maven.mohi.MohiApplicationTests      : No active profile set, falling back to 1 default profile: "default"
2025-01-23T09:56:52.747+05:30  INFO 15416 --- [mohi] [           main] com.maven.mohi.MohiApplicationTests      : Started MohiApplicationTests in 3.439 seconds (process running for 9.778)
]]></system-out>
    <system-err><![CDATA[Mockito is currently self-attaching to enable the inline-mock-maker. This will no longer work in future releases of the JDK. Please add Mockito as an agent to your build what is described in Mockito's documentation: https://javadoc.io/doc/org.mockito/mockito-core/latest/org/mockito/Mockito.html#0.3
WARNING: A Java agent has been loaded dynamically (C:\Users\Mohammed Mohiuddin\.m2\repository\net\bytebuddy\byte-buddy-agent\1.15.11\byte-buddy-agent-1.15.11.jar)
WARNING: If a serviceability tool is in use, please run with -XX:+EnableDynamicAgentLoading to hide this warning
WARNING: If a serviceability tool is not in use, please run with -Djdk.instrument.traceUsage for more information
WARNING: Dynamic loading of agents will be disallowed by default in a future release
]]></system-err>
  </testcase>
</testsuite>